app/build/intermediates/manifest_merge_blame_file/release/manifest-merger-blame-release-report.txt
1<?xml version="1.0" encoding="utf-8"?>
2<manifest xmlns:android="http://schemas.android.com/apk/res/android"
3    package="com.tencent.ncnnyolox"
4    android:versionCode="1"
5    android:versionName="1.1" >
6
7    <uses-sdk android:minSdkVersion="24" />
7-->src\main\AndroidManifest.xml
8
9    <uses-permission android:name="android.permission.CAMERA" />
9-->src\main\AndroidManifest.xml:6:5-65
9-->src\main\AndroidManifest.xml:6:22-62
10
11    <uses-feature android:name="android.hardware.camera2.full" />
11-->src\main\AndroidManifest.xml:7:5-66
11-->src\main\AndroidManifest.xml:7:19-63
12
13    <application android:label="@string/app_name" >
13-->src\main\AndroidManifest.xml:9:5-21:19
13-->src\main\AndroidManifest.xml:9:18-50
14        <activity
14-->src\main\AndroidManifest.xml:10:9-12:20
15            android:name="com.tencent.ncnnyolox.ImageSelectActivity"
15-->src\main\AndroidManifest.xml:10:19-53
16            android:screenOrientation="portrait" >
16-->src\main\AndroidManifest.xml:11:19-55
17        </activity>
18        <activity
18-->src\main\AndroidManifest.xml:13:9-20:20
19            android:name="com.tencent.ncnnyolox.MainActivity"
19-->src\main\AndroidManifest.xml:13:19-46
20            android:label="@string/app_name"
20-->src\main\AndroidManifest.xml:14:19-51
21            android:screenOrientation="portrait" >
21-->src\main\AndroidManifest.xml:15:19-55
22            <intent-filter>
22-->src\main\AndroidManifest.xml:16:13-19:29
23                <action android:name="android.intent.action.MAIN" />
23-->src\main\AndroidManifest.xml:17:17-69
23-->src\main\AndroidManifest.xml:17:25-66
24
25                <category android:name="android.intent.category.LAUNCHER" />
25-->src\main\AndroidManifest.xml:18:17-77
25-->src\main\AndroidManifest.xml:18:27-74
26            </intent-filter>
27        </activity>
28    </application>
29
30</manifest>